GPR68 auto-detected DRY-motif Arg (TM3, 3.50): resnum 119
GPR68 auto-detected TM7 P-x-x-Y motif Tyr (7.53): resnum 286
GPR68 auto-detected ionic-lock partner (nearest Asp/Glu): resnum 224
Reference ionic-lock distance: active model=11.94 A, inactive model=11.70 A
[tool 1] Running PROPKA3 structure-aware pKa prediction on GPR68...
[tool 1] Got pKa for 68 titratable groups.
[tool 1] Largest structure-induced pKa shifts from free-solution baseline (top 10):
    ARG189: predicted pKa=20.70 (baseline 12.5, shift +8.20); protonated fraction pH7.4=0.00 pH6.0=0.00
    ASP282: predicted pKa=9.07 (baseline 3.9, shift +5.17); protonated fraction pH7.4=0.98 pH6.0=1.00
    GLU160: predicted pKa=8.89 (baseline 4.1, shift +4.79); protonated fraction pH7.4=0.97 pH6.0=1.00
    HIS269: predicted pKa=2.95 (baseline 6.0, shift -3.05); protonated fraction pH7.4=1.00 pH6.0=1.00
    ASP67: predicted pKa=6.39 (baseline 3.9, shift +2.49); protonated fraction pH7.4=0.09 pH6.0=0.71
    HIS245: predicted pKa=3.73 (baseline 6.0, shift -2.27); protonated fraction pH7.4=1.00 pH6.0=0.99
    GLU103: predicted pKa=6.28 (baseline 4.1, shift +2.18); protonated fraction pH7.4=0.07 pH6.0=0.65
    ARG119: predicted pKa=10.78 (baseline 12.5, shift -1.72); protonated fraction pH7.4=0.00 pH6.0=0.00
    GLU149: predicted pKa=5.67 (baseline 4.1, shift +1.57); protonated fraction pH7.4=0.02 pH6.0=0.32
    ASP85: predicted pKa=2.37 (baseline 3.9, shift -1.53); protonated fraction pH7.4=0.00 pH6.0=0.00

[tool 2-substitute] Generating 10 ANM-displaced conformers around EACH reference state (20 total)...
[tool 2-substitute] Merged ensemble: 20 conformers (10 active-seeded + 10 inactive-seeded)
[tool 2-substitute] Activation-state labels: {'active_00': 'intermediate', 'active_01': 'intermediate', 'active_02': 'intermediate', 'active_03': 'intermediate', 'active_04': 'intermediate', 'active_05': 'intermediate', 'active_06': 'intermediate', 'active_07': 'intermediate', 'active_08': 'intermediate', 'active_09': 'intermediate', 'inactive_00': 'intermediate', 'inactive_01': 'intermediate', 'inactive_02': 'intermediate', 'inactive_03': 'intermediate', 'inactive_04': 'intermediate', 'inactive_05': 'intermediate', 'inactive_06': 'intermediate', 'inactive_07': 'intermediate', 'inactive_08': 'intermediate', 'inactive_09': 'intermediate'}
[tool 2-substitute] ionic_lock_like spread across merged ensemble: [11.698, 11.945] A (range 0.247 A)

[tool 3] Running real Gibbs free-energy calculations on GPR68 at pH 7.4 (20 conformers: 10 active-seeded + 10 inactive-seeded)...
==============================================================================
Chains found in input structure:
  chain 'A': 365 standard residues
==============================================================================
  NOTE: 2 disulfide bond(s) (cystine crosslink) detected from SG-SG proximity and modeled as explicit covalent S-S bonds:
      CYS172/A       -- CYS94/A         S-S = 2.04 Å
      CYS258/A       -- CYS13/A         S-S = 1.94 Å
Prepared structure: 5770 atoms (with hydrogens), total mass 41074.8 Da

Potential-energy decomposition (minimized structure):
  Bond stretching                                   208.59 kcal/mol
  Angle bending                                     801.46 kcal/mol
  Torsions (proper + improper)                     4224.77 kcal/mol
  Nonbonded (van der Waals + electrostatics, raw sum)   -7038.14 kcal/mol
      - vdW (Lennard-Jones)                         -1660.85 kcal/mol
      - Electrostatics (Coulomb)                    -5377.28 kcal/mol
      - (LJ + Coulomb) - raw nonbonded residual     -0.0008 kcal/mol  (sanity check, should be ~0)
  Implicit solvation (GB polar + nonpolar SA)    -10713.71 kcal/mol

  TOTAL potential energy U_MM (0 K, includes solvation)  -12517.03 kcal/mol

RRHO thermochemistry at T = 310.15 K:
  Vibrational modes from: Cα anisotropic network model (ANM), cutoff=15.0 Å, γ=1.0 kcal/mol/Å²
  1089 vibrational modes retained (after removing 6 trans/rot modes)
  S_trans =   242.05 J/mol/K   S_rot =   258.85 J/mol/K   S_vib = 27345.10 J/mol/K
  S_total = 27846.00 J/mol/K  (6655.3534 cal/mol/K)
  Zero-point energy            54.46 kcal/mol
  Thermal energy (T,R,V)      620.30 kcal/mol
  H = U_MM + E_thermal + ZPE + PV         -11841.65 kcal/mol
  T*S_total                                 2064.16 kcal/mol

  G = H - T*S                             -13905.80 kcal/mol
  [1/20] active_00 (active): G = -13905.80 kcal/mol (elapsed 68s)
==============================================================================
Chains found in input structure:
  chain 'A': 365 standard residues
==============================================================================
  NOTE: 2 disulfide bond(s) (cystine crosslink) detected from SG-SG proximity and modeled as explicit covalent S-S bonds:
      CYS172/A       -- CYS94/A         S-S = 2.04 Å
      CYS258/A       -- CYS13/A         S-S = 1.90 Å
Prepared structure: 5770 atoms (with hydrogens), total mass 41074.8 Da
